12:05:39.973 [main] INFO  TestCases.TC001_AccountRegistrationTest - *-*-*-*-* Starting TC001_AccountRegistrationTest *-*-*-*-*
12:05:40.448 [main] INFO  TestCases.TC001_AccountRegistrationTest - Clicked On MyAccount
12:05:41.000 [main] INFO  TestCases.TC001_AccountRegistrationTest - Clicked On Register
12:05:41.003 [main] INFO  TestCases.TC001_AccountRegistrationTest - Providing Customer Details
12:05:41.593 [main] INFO  TestCases.TC001_AccountRegistrationTest - Validating Expected Message
12:05:42.379 [main] INFO  TestCases.TC001_AccountRegistrationTest - Confirmation Message: Your Account Has Been Created!
12:05:42.395 [main] INFO  TestCases.TC001_AccountRegistrationTest - *-*-*-*-* Finished TC001_AccountRegistrationTest *-*-*-*-*
12:05:42.397 [main] INFO  TestCases.TC001_AccountRegistrationTest - -------------------------------------------------------------------------
12:05:44.522 [main] INFO  TestCases.TC002_LoginTest - *-*-*-*-*-* Starting TC002_LoginTest *-*-*-*-*-*
12:05:44.853 [main] INFO  TestCases.TC002_LoginTest - Clicked On MyAccount
12:05:45.212 [main] INFO  TestCases.TC002_LoginTest - Clicked On Login
12:05:45.413 [main] INFO  TestCases.TC002_LoginTest - Filling Out Valid Login Details
12:05:46.587 [main] INFO  TestCases.TC002_LoginTest - Clicked On Login_Button
12:05:46.620 [main] INFO  TestCases.TC002_LoginTest - *-*-*-*-*-* Finished TC002_LoginTest *-*-*-*-*-*
12:05:46.621 [main] INFO  TestCases.TC002_LoginTest - -------------------------------------------------------------------------
12:05:48.917 [main] INFO  TestCases.TC003_DDTTest - *-*-*-*-*-* Starting TC003_DDTTesting *-*-*-*-*-*
12:05:49.394 [main] INFO  TestCases.TC003_DDTTest - Clicked On MyAccount
12:05:49.705 [main] INFO  TestCases.TC003_DDTTest - Clicked On Login
12:05:49.705 [main] INFO  TestCases.TC003_DDTTest - Filling Out validLogin Details
12:05:49.910 [main] INFO  TestCases.TC003_DDTTest - Clicked On Login_Button
12:05:51.246 [main] INFO  TestCases.TC003_DDTTest - *-*-*-*-*-* Finished TC003_DDTTesting *-*-*-*-*-*
12:05:51.246 [main] INFO  TestCases.TC003_DDTTest - -------------------------------------------------------------------------
12:05:51.247 [main] INFO  TestCases.TC003_DDTTest - *-*-*-*-*-* Starting TC003_DDTTesting *-*-*-*-*-*
12:05:51.302 [main] INFO  TestCases.TC003_DDTTest - Clicked On MyAccount
12:05:51.597 [main] INFO  TestCases.TC003_DDTTest - Clicked On Login
12:05:51.597 [main] INFO  TestCases.TC003_DDTTest - Filling Out validLogin Details
12:05:52.543 [main] INFO  TestCases.TC003_DDTTest - Clicked On Login_Button
12:05:53.081 [main] INFO  TestCases.TC003_DDTTest - *-*-*-*-*-* Finished TC003_DDTTesting *-*-*-*-*-*
12:05:53.081 [main] INFO  TestCases.TC003_DDTTest - -------------------------------------------------------------------------
12:05:53.084 [main] INFO  TestCases.TC003_DDTTest - *-*-*-*-*-* Starting TC003_DDTTesting *-*-*-*-*-*
12:05:53.140 [main] INFO  TestCases.TC003_DDTTest - Clicked On MyAccount
12:05:53.437 [main] INFO  TestCases.TC003_DDTTest - Clicked On Login
12:05:53.437 [main] INFO  TestCases.TC003_DDTTest - Filling Out invalidLogin Details
12:05:53.651 [main] INFO  TestCases.TC003_DDTTest - Clicked On Login_Button
12:05:58.706 [main] INFO  TestCases.TC003_DDTTest - *-*-*-*-*-* Finished TC003_DDTTesting *-*-*-*-*-*
12:05:58.707 [main] INFO  TestCases.TC003_DDTTest - -------------------------------------------------------------------------
12:05:58.712 [main] INFO  TestCases.TC003_DDTTest - *-*-*-*-*-* Starting TC003_DDTTesting *-*-*-*-*-*
12:05:58.776 [main] INFO  TestCases.TC003_DDTTest - Clicked On MyAccount
12:05:59.067 [main] INFO  TestCases.TC003_DDTTest - Clicked On Login
12:05:59.068 [main] INFO  TestCases.TC003_DDTTest - Filling Out invalidLogin Details
12:06:00.212 [main] INFO  TestCases.TC003_DDTTest - Clicked On Login_Button
12:06:05.263 [main] INFO  TestCases.TC003_DDTTest - *-*-*-*-*-* Finished TC003_DDTTesting *-*-*-*-*-*
12:06:05.263 [main] INFO  TestCases.TC003_DDTTest - -------------------------------------------------------------------------
12:06:05.269 [main] INFO  TestCases.TC003_DDTTest - *-*-*-*-*-* Starting TC003_DDTTesting *-*-*-*-*-*
12:06:05.468 [main] INFO  TestCases.TC003_DDTTest - Clicked On MyAccount
12:06:05.989 [main] INFO  TestCases.TC003_DDTTest - Clicked On Login
12:06:05.990 [main] INFO  TestCases.TC003_DDTTest - Filling Out invalidLogin Details
12:06:06.352 [main] INFO  TestCases.TC003_DDTTest - Clicked On Login_Button
12:06:11.442 [main] INFO  TestCases.TC003_DDTTest - *-*-*-*-*-* Finished TC003_DDTTesting *-*-*-*-*-*
12:06:11.443 [main] INFO  TestCases.TC003_DDTTest - -------------------------------------------------------------------------
12:06:11.448 [main] INFO  TestCases.TC003_DDTTest - *-*-*-*-*-* Starting TC003_DDTTesting *-*-*-*-*-*
12:06:11.644 [main] INFO  TestCases.TC003_DDTTest - Clicked On MyAccount
12:06:12.233 [main] INFO  TestCases.TC003_DDTTest - Clicked On Login
12:06:12.233 [main] INFO  TestCases.TC003_DDTTest - Filling Out invalidLogin Details
12:06:12.986 [main] INFO  TestCases.TC003_DDTTest - Clicked On Login_Button
12:06:18.060 [main] INFO  TestCases.TC003_DDTTest - *-*-*-*-*-* Finished TC003_DDTTesting *-*-*-*-*-*
12:06:18.060 [main] INFO  TestCases.TC003_DDTTest - -------------------------------------------------------------------------
12:06:20.500 [main] INFO  TestCases.TC004_SearchingTest - *-*-*-*-* Starting TC004_SearchingTest *-*-*-*-*
12:06:20.500 [main] INFO  TestCases.TC004_SearchingTest - Searching for product as mentioned by Devlopers
12:06:20.905 [main] INFO  TestCases.TC004_SearchingTest - SearchediPhone
12:06:20.906 [main] INFO  TestCases.TC004_SearchingTest - *-*-*-*-* Finishing TC004_SearchingTest *-*-*-*-*
12:06:20.906 [main] INFO  TestCases.TC004_SearchingTest - -------------------------------------------------------------------------
12:06:23.047 [main] INFO  TestCases.TC005_AddToCartTest - *-*-*-*-* Starting TC005_AddToCartTest *-*-*-*-*
12:06:23.048 [main] INFO  TestCases.TC005_AddToCartTest - Searching for product as mentioned by Devlopers
12:06:23.421 [main] INFO  TestCases.TC005_AddToCartTest - Adding To Cart
12:06:23.704 [main] INFO  TestCases.TC005_AddToCartTest - *-*-*-*-* Finishing TC005_AddToCartTest *-*-*-*-*
12:06:23.704 [main] INFO  TestCases.TC005_AddToCartTest - -------------------------------------------------------------------------
12:06:25.704 [main] INFO  TestCases.TC006_CurrencyChangeTest - *-*-*-*-* Starting TC006_CurrencyChangeTest *-*-*-*-*
12:06:25.708 [main] INFO  TestCases.TC006_CurrencyChangeTest - Checking Euro Currency
12:06:26.353 [main] INFO  TestCases.TC006_CurrencyChangeTest - Checking Pound Currency
12:06:26.932 [main] INFO  TestCases.TC006_CurrencyChangeTest - Checking USD Currency
12:06:27.484 [main] INFO  TestCases.TC006_CurrencyChangeTest - *-*-*-*-* Finishing TC006_CurrencyChangeTest *-*-*-*-*
12:06:27.485 [main] INFO  TestCases.TC006_CurrencyChangeTest - -------------------------------------------------------------------------
12:06:29.468 [main] INFO  TestCases.TC007_EndToEndTest - *-*-*-*-* Starting TC007_EndToEndTest *-*-*-*-*
12:06:29.468 [main] INFO  TestCases.TC007_EndToEndTest - Registering Customer
12:06:29.552 [main] INFO  TestCases.TC007_EndToEndTest - Clicked On MyAccount
12:06:29.965 [main] INFO  TestCases.TC007_EndToEndTest - Clicked On Register
12:06:29.966 [main] INFO  TestCases.TC007_EndToEndTest - Providing Customer Details
12:06:30.106 [main] INFO  TestCases.TC007_EndToEndTest - Registering Customer with this mail--->iYdwHjU@gmail.com
12:06:30.106 [main] INFO  TestCases.TC007_EndToEndTest - PassWord is--->621MTg
12:06:31.328 [main] INFO  TestCases.TC007_EndToEndTest - Validating Expected Message
12:06:31.357 [main] INFO  TestCases.TC007_EndToEndTest - Confirmation Message: Your Account Has Been Created!
12:06:31.368 [main] INFO  TestCases.TC007_EndToEndTest - LoggingOut Customer
12:06:31.803 [main] INFO  TestCases.TC007_EndToEndTest - Logging in with same credential that has been just used while Regestring
12:06:31.846 [main] INFO  TestCases.TC007_EndToEndTest - Clicked On MyAccount
12:06:32.155 [main] INFO  TestCases.TC007_EndToEndTest - Clicked On Login
12:06:32.156 [main] INFO  TestCases.TC007_EndToEndTest - Filling Login Details
12:06:32.332 [main] INFO  TestCases.TC007_EndToEndTest - Clicked On Login_Button
12:06:33.212 [main] INFO  TestCases.TC007_EndToEndTest - Login Successfull
12:06:33.212 [main] INFO  TestCases.TC007_EndToEndTest - Now Searching For Product Which is Available
12:06:33.212 [main] INFO  TestCases.TC007_EndToEndTest - Searching for product as mentioned by Devlopers
12:06:33.704 [main] INFO  TestCases.TC007_EndToEndTest - SearchediPhone
12:06:33.722 [main] INFO  TestCases.TC007_EndToEndTest - Adding To Cart
12:06:34.019 [main] INFO  TestCases.TC007_EndToEndTest - Now Checking Out The Product selected
12:06:37.017 [main] INFO  TestCases.TC007_EndToEndTest - *-*-*-*-* Finishing TC007_EndToEndTest *-*-*-*-*
12:06:37.017 [main] INFO  TestCases.TC007_EndToEndTest - -------------------------------------------------------------------------
12:06:39.162 [main] INFO  TestCases.TC008_WishListTest - *-*-*-*-*-* Starting TC002_LoginTest *-*-*-*-*-*
12:06:39.163 [main] INFO  TestCases.TC008_WishListTest - Before Adding Anything to wishList we Have to loggin to the website
12:06:39.690 [main] INFO  TestCases.TC008_WishListTest - Clicked On MyAccount
12:06:39.974 [main] INFO  TestCases.TC008_WishListTest - Clicked On Login
12:06:39.974 [main] INFO  TestCases.TC008_WishListTest - Filling Out Valid Login Details
12:06:40.171 [main] INFO  TestCases.TC008_WishListTest - Clicked On Login_Button
12:06:41.006 [main] INFO  TestCases.TC008_WishListTest - Searching ForiPhone
12:06:44.222 [main] INFO  TestCases.TC008_WishListTest - *-*-*-*-* Finishing TC008_WishListTest *-*-*-*-*
12:06:44.222 [main] INFO  TestCases.TC008_WishListTest - -------------------------------------------------------------------------
